1611499674520	geckodriver	INFO	Listening on 127.0.0.1:62015
1611499677580	mozrunner::runner	INFO	Running command: "C:\\Program Files\\Mozilla Firefox\\firefox.exe" "--marionette" "-foreground" "-no-remote" "-profile" "C:\\Users\\HUSSEI~1\\AppData\\Local\\Temp\\rust_mozprofilepdF6J7"
Can't find symbol 'eglSwapBuffersWithDamageEXT'.
Can't find symbol 'eglSetDamageRegionKHR'.
JavaScript error: resource://gre/modules/XULStore.jsm, line 66: Error: Can't find profile directory.
console.warn: SearchSettings: "get: No settings file exists, new profile?" (new Error("", "(unknown module)"))
1611499681971	Marionette	INFO	Listening on port 62026
1611499682319	Marionette	WARN	TLS certificate errors will be ignored for this session
JavaScript error: https://jamal:Ad1212%40@alcaptainunlock.com/Chadid2020/templates/default2/js/bootstrap.bundle.min.js?v=RC5, line 6: TypeError: e is undefined
JavaScript error: resource://activity-stream/lib/ASRouter.jsm, line 987: NS_ERROR_ILLEGAL_VALUE: Component returned failure code: 0x80070057 (NS_ERROR_ILLEGAL_VALUE) [nsIObserverService.removeObserver]
1611500415907	Marionette	INFO	Stopped listening on port 62026

###!!! [Child][RunMessage] Error: Channel closing: too late to send/recv, messages will be lost

file exists, new profile?" (new Error("", "(unknown module)"))
1611499692747	Marionette	INFO	Listening on port 62071
1611499692907	Marionette	WARN	TLS certificate errors will be ignored for this session
1611500806257	Marionette	INFO	Stopped listening on port 62071

###!!! [Child][RunMessage] Error: Channel closing: too late to send/recv, messages will be lost

"--marionette" "-foreground" "-no-remote" "-profile" "C:\\Users\\HUSSEI~1\\AppData\\Local\\Temp\\rust_mozprofileJW6gjS"
Can't find symbol 'eglSwapBuffersWithDamageEXT'.
Can't find symbol 'eglSetDamageRegionKHR'.
JavaScript error: resource://gre/modules/XULStore.jsm, line 66: Error: Can't find profile directory.
console.warn: SearchSettings: "get: No settings file exists, new profile?" (new Error("", "(unknown module)"))
1611500015390	Marionette	INFO	Listening on port 62509
1611500015444	Marionette	WARN	TLS certificate errors will be ignored for this session
JavaScript error: https://jamal:Ad1212%40@alcaptainunlock.com/Chadid2020/templates/default2/js/bootstrap.bundle.min.js?v=RC5, line 6: TypeError: e is undefined
console.warn: services.settings: blocklists/addons-bloomfilters sync interrupted by shutdown
console.warn: services.settings: main/normandy-recipes-capabilities sync interrupted by shutdown
console.warn: services.settings: security-state/onecrl sync interrupted by shutdown
console.warn: services.settings: main/fxmonitor-breaches sync interrupted by shutdown
console.warn: services.settings: main/top-sites sync interrupted by shutdown
console.warn: services.settings: main/cfr sync interrupted by shutdown
console.warn: services.settings: main/search-config sync in1611500413641	Marionette	INFO	Stopped listening on port 62549

###!!! [Child][RunMessage] Error: Channel closing: too late to send/recv, messages will be lost

upted by shutdown
console.warn: services.settings: main/pioneer-study-addons-v1 sync interrupted by shutdown
console.warn: services.settings: main/url-classifier-skip-urls sync interrupted by shutdown
console.warn: services.settings: blocklists/gfx sync interrupted by shutdown
console.warn: services.settings: main/hijack-blocklists sync interrupted by shutdown
console.warn: services.settings: main/tippytop sync interrupted by shutdown
console.warn: services.settings: blocklists/plugins sync interrupted by shutdown
console.warn: services.settings: main/search-telemetry sync interrupted by shutdown
console.warn: services.settings: main/password-recipes sync interrupted by shutdown
console.warn: services.settings: main/message-groups sync interrupted by shutdown
console.warn: services.settings: main/search-default-override-allowlist sync interrupted by shutdown
console.waJavaScript error: https://jamal:Ad1212%40@alcaptainunlock.com/Chadid2020/templates/default2/js/bootstrap.bundle.min.js?v=RC5, line 6: TypeError: e is undefined
JavaScript error: https://jamal:Ad1212%40@alcaptainunlock.com/Chadid2020/templates/default2/js/bootstrap.bundle.min.js?v=RC5, line 6: TypeError: e is undefined
JavaScript error: https://jamal:Ad1212%40@alcaptainunlock.com/Chadid2020/templates/defaultJavaScript error: resource://activity-stream/lib/ASRouter.jsm, line 987: NS_ERROR_ILLEGAL_VALUE: Component returned failure code: 0x80070057 (NS_ERROR_ILLEGAL_VALUE) [nsIObserverService.removeObserver]
1611500804463	Marionette	INFO	Stopped listening on port 63060

###!!! [Child][RunMessage] Error: Channel closing: too late to send/recv, messages will be lost

ypeError: e is undefined
JavaScript error: https://jamal:Ad1212%40@alcaptainunlock.com/Chadid2020/templates/default2/js/bootstrap.bundle.min.js?v=RC5, line 6: TypeError: e is undefined
JavaScript error: https://jamal:Ad1212%40@alcaptainunlock.com/Chadid2020/templates/default2/js/bootstrap.bundle.min.js?v=RC5, line 6: TypeError: e is undefined
JavaScript error: , line 0: NotFoundError: No such JSWindowActor 'MarionetteEvents'
JavaScript error: https://jamal:Ad1212%40@alcaptainunlock.com/Chadid2020/templates/default2/js/bootstrap.bundle.min.js?v=RC5, line 6: TypeError: e is undefined
JavaScript error: https://jamal:Ad1212%40@alcaptainunlock.com/Chadid2020/templates/default2/js/bootstrap.bundle.min.js?v=RC5, line 6: TypeError: e is undefined
JavaScript error: https://jamal:Ad1212%40@alcaptainunlock.com/Chadid2020/templates/default2/js/bootstrap.bundle.min.js?v=RC5, line 6: TypeError: e is undefined
JavaScript error: https://jamal:Ad1212%40@alcaptainunlock.com/Chadid2020/templates/default2/js/bootstrap.bundle.min.js?v=RC5, line 6: TypeError: e is undefined
JavaScript error: https://jamal:Ad1212%40@alcaptainunlock.com/Chadid2020/templates/default2/js/bootstrap.bundle.min.js?v=RC5, line 6: TypeError: e is undefined
JavaScript error: https://jamal:Ad1212%40@alcaptainunlock.com/Chadid2020/templates/default2/js/bootstrap.bundle.min.js?v=RC5, line 6: TypeError: e is undefined
JavaScript error: https://jamal:Ad1212%40@alcaptainunlock.com/Chadid2020/templates/default2/js/bootstrap.bundle.min.js?v=RC5, line 6: TypeError: e is undefined
JavaScript error: https://jamal:Ad1212%40@alcaptainunlock.com/Chadid2020/templates/default2/js/bootstrap.bundle.min.js?v=RC5, line 6: TypeError: e is undefined
1611500796677	Marionette	INFO	Stopped listening on port 63012

###!!! [Child][RunMessage] Error: Channel closing: too late to send/recv, messages will be lost

1611500804285	geckodriver	INFO	Listening on 127.0.0.1:63316
1611500807445	mozrunner::runner	INFO	Running command: "C:\\Program Files\\Mozilla Firefox\\firefox.exe" "--marionette" "-foreground" "-no-remote" "-profile" "C:\\Users\\HUSSEI~1\\AppData\\Local\\Temp\\rust_mozprofilep11dp6"
Can't find symbol 'eglSwapBuffersWithDamageEXT'.
Can't find symbol 'eglSetDamageRegionKHR'.
JavaScript error: resource://gre/modules/XULStore.jsm, line 66: Error: Can't find profile directory.
console.warn: SearchSettings: "get: No settings file exists, new profile?" (new Error("", "(unknown module)"))
1611500815635	Marionette	INFO	Listening on port 63327
1611500815806	Marionette	WARN	TLS certificate errors will be ignored for this session
JavaScript error: https://jamal:Ad1212%40@alcaptainunlock.com/Chadid2020/templates/default2/js/bootstrap.bundle.min.js?v=RC5, line 6: TypeError: e is undefined
JavaScript error: https://jamal:Ad1212%40@alcaptainunlock.com/Chadid2020/templates/default2/js/bootstrap.bundle.min.js?v=RC5, line 6: TypeError: e is undefined
1611501953262	Marionette	INFO	Stopped listening on port 63327

###!!! [Child][RunMessage] Error: Channel closing: too late to send/recv, messages will be lost

e.warn: SearchSettings: "get: No settings file exists, new profile?" (new Error("", "(unknown module)"))
1611500825660	Marionette	INFO	Listening on port 63370
1611500825862	Marionette	WARN	TLS certificate errors will be ignored for this session
1611501953212	Marionette	INFO	Stopped listening on port 63370

###!!! [Child][RunMessage] Error: Channel closing: too late to send/recv, messages will be lost

"--marionette" "-foreground" "-no-remote" "-profile" "C:\\Users\\HUSSEI~1\\AppData\\Local\\Temp\\rust_mozprofileBBsOQj"
Can't find symbol 'eglSwapBuffersWithDamageEXT'.
Can't find symbol 'eglSetDamageRegionKHR'.
JavaScript error: resource://gre/modules/XULStore.jsm, line 66: Error: Can't find profile directory.
console.warn: SearchSettings: "get: No settings file exists, new profile?" (new Error("", "(unknown module)"))
1611501636419	Marionette	INFO	Listening on port 63769
1611501636784	Marionette	WARN	TLS certificate errors will be ignored for this session
JavaScript error: https://jamal:Ad1212%40@alcaptainunlock.com/Chadid2020/templates/default2/js/bootstrap.bundle.min.js?v=RC5, line 6: TypeError: e is undefined
Can't find symbol 'eglSwapBuffersWithDamageEXT'.
Can't find symbol 'eglSetDamageRegionKHR'.
JavaScript error: https://jamal:Ad1212%40@alcaptainunlock.com/Chadid2020/templates/default2/js/bootstrap.bundle.min.js?v=RC5, line 6: TypeError: e is undefined
JavaScript error: https://jamal:Ad1212%40@alcaptainunlock.com/Chadid2020/templates/default2/js/bootstrap.bundle.min.js?v=RC5, line 6: TypeError: e is undefined
JavaScript error: https://jamal:Ad1212%40@alcaptainunlock.com/Chadid2020/templates/default2/js/bootstrap.bundle.min.js?v=RC5, line 6: TypeError: e is undefined
[Parent 17540, Gecko_IOThread] WARNING: file /builds/worker/checkouts/gecko/ipc/chromium/src/base/process_util_win.cc:166
1611501948210	Marionette	INFO	Stopped listening on port 63769

###!!! [Child][RunMessage] Error: Channel closing: too late to send/recv, messages will be lost

command: "C:\\Program Files\\Mozilla Firefox\\firefox.exe" "--marionette" "-foreground" "-no-remote" "-profile" "C:\\Users\\HUSSEI~1\\AppData\\Local\\Temp\\rust_mozprofileVhddvU"
Can't find symbol 'eglSwapBuffersWithDamageEXT'.
Can't find symbol 'eglSetDamageRegionKHR'.
JavaScript error: resource://gre/modules/XULStore.jsm, line 66: Error: Can't find profile directory.
console.warn: SearchSettings: "get: No settings file exists, new profile?" (new Error("", "(unknown module)"))
1611501749431	Marionette	INFO	Listening on port 64032
1611501749672	Marionette	WARN	TLS certificate errors will be ignored for this session
1611501777341	Marionette	WARN	Ignoring event 'DOMContentLoaded' because document has an invalid readyState of 'complete'.
1611501826115	Marionette	WARN	Ignoring event 'DOMContentLoaded' because document has an invalid readyState of 'complete'.
JavaScript error: resource://activity-stream/lib/ASRouter.jsm, line 987: NS_ERROR_ILLEGAL_VALUE: Component returned failure code: 0x80070057 (NS_ERROR_ILLEGAL_VALUE) [nsIObserverService.removeObserver]
1611501948245	Marionette	INFO	Stopped listening on port 64032

###!!! [Child][RunMessage] Error: Channel closing: too late to send/recv, messages will be lost

1611502788396	geckodriver	INFO	Listening on 127.0.0.1:64500
1611502791478	mozrunner::runner	INFO	Running command: "C:\\Program Files\\Mozilla Firefox\\firefox.exe" "--marionette" "-foreground" "-no-remote" "-profile" "C:\\Users\\HUSSEI~1\\AppData\\Local\\Temp\\rust_mozprofileo8UGQg"
Can't find symbol 'eglSwapBuffersWithDamageEXT'.
Can't find symbol 'eglSetDamageRegionKHR'.
JavaScript error: resource://gre/modules/XULStore.jsm, line 66: Error: Can't find profile directory.
console.warn: SearchSettings: "get: No settings file exists, new profile?" (new Error("", "(unknown module)"))
1611502801487	Marionette	INFO	Listening on port 64510
1611502801949	Marionette	WARN	TLS certificate errors will be ignored for this session
JavaScript error: https://jamal:Ad1212%40@alcaptainunlock.com/Chadid2020/templates/default2/js/bootstrap.bundle.min.js?v=RC5, line 6: TypeError: e is undefined
Can't find symbol 'eglSwapBuffersWithDamageEXT'.
Can't find symbol 'eglSetDamageRegionKHR'.
JavaScript error: https://jamal:Ad1212%40@alcaptainunlock.com/Chadid2020/templates/default2/js/bootstrap.bundle.min.js?v=RC5, line 6: TypeError: e is undefined
JavaScript error: https://jamal:Ad1212%40@alcaptainunlock.com/Chadid2020/templates/default2/js/bootstrap.bundle.min.js?v=RC5, line 6: TypeError: e is undefined
JavaScript error: https://jamal:Ad1212%40@alcaptainunlock.com/Chadid2020/templates/default2/js/bootstrap.bundle.min.js?v=RC5, line 6: TypeError: e is undefined
JavaScript error: https://jamal:Ad1212%40@alcaptainunlock.com/Chadid2020/templates/default2/js/bootstrap.bundle.min.js?v=RC5, line 6: TypeError: e is undefined
JavaScript error: https://jamal:Ad1212%40@alcaptainunlock.com/Chadid2020/templates/default2/js/bootstrap.bundle.min.js?v=RC5, line 6: TypeError: e is undefined
JavaScript error: https://jamal:Ad1212%40@alcaptainunlock.com/Chadid2020/templates/default2/js/bootstrap.bundle.min.js?v=RC5, line 6: TypeError: e is undefined
JavaScript error: https://jamal:Ad1212%40@alcaptainunlock.com/Chadid2020/templates/default2/js/bootstrap.bundle.min.js?v=RC5, line 6: TypeError: e is undefined
JavaScript error: https://jamal:Ad1212%40@alcaptainunlock.com/Chadid2020/templates/default2/js/bootstrap.bundle.min.js?v=RC5, line 6: TypeError: e is undefined
thDamageEXT'.
Can't find symbol 'eglSetDamageRegionKHR'.
JavaScript error: resource://gre/modules/XULStore.jsm, line 66: Error: Can't find profile directory.
console.warn: SearchSettings: "get: No settings file exists, new profile?" (new Error("", "(unknown module)"))
1611502921902	Marionette	INFO	Listening on port 64779
1611502922374	Marionette	WARN	TLS certificate errors will be ignored for this session
1611502977826	Marionette	WARN	Ignoring event 'DOMContentLoaded' because document has an invalid readyState of 'complete'.
1611510774009	geckodriver	INFO	Listening on 127.0.0.1:58919
1611510777147	mozrunner::runner	INFO	Running command: "C:\\Program Files\\Mozilla Firefox\\firefox.exe" "--marionette" "-foreground" "-no-remote" "-profile" "C:\\Users\\HUSSEI~1\\AppData\\Local\\Temp\\rust_mozprofile7oSNod"
Can't find symbol 'eglSwapBuffersWithDamageEXT'.
Can't find symbol 'eglSetDamageRegionKHR'.
JavaScript error: resource://gre/modules/XULStore.jsm, line 66: Error: Can't find profile directory.
console.warn: SearchSettings: "get: No settings file exists, new profile?" (new Error("", "(unknown module)"))
1611510792682	Marionette	INFO	Listening on port 58928
1611510793147	Marionette	WARN	TLS certificate errors will be ignored for this session
[Parent 11376, Gecko_IOThread] WARNING: file /builds/worker/checkouts/gecko/ipc/chromium/src/base/process_util_win.cc:166
1611510822516	Marionette	INFO	Stopped listening on port 58928

###!!! [Child][RunMessage] Error: Channel closing: too late to send/recv, messages will be lost

't find symbol 'eglSwapBuffersWithDamageEXT'.
Can't find symbol 'eglSetDamageRegionKHR'.
JavaScript error: resource://gre/modules/XULStore.jsm, line 66: Error: Can't find profile directory.
console.warn: SearchSettings: "get: No settings file exists, new profile?" (new Error("", "(unknown module)"))
1611510802449	Marionette	INFO	Listening on port 59007
1611510802937	Marionette	WARN	TLS certificate errors will be ignored for this session
JavaScript error: resource://activity-stream/lib/ASRouter.jsm, line 987: NS_ERROR_ILLEGAL_VALUE: Component returned failure code: 0x80070057 (NS_ERROR_ILLEGAL_VALUE) [nsIObserverService.removeObserver]
1611510821976	Marionette	INFO	Stopped listening on port 59007

###!!! [Child][RunMessage] Error: Channel closing: too late to send/recv, messages will be lost

1611511106512	geckodriver	INFO	Listening on 127.0.0.1:59687
1611685727679	geckodriver	INFO	Listening on 127.0.0.1:52219
1611685730745	mozrunner::runner	INFO	Running command: "C:\\Program Files\\Mozilla Firefox\\firefox.exe" "--marionette" "-foreground" "-no-remote" "-profile" "C:\\Users\\HUSSEI~1\\AppData\\Local\\Temp\\rust_mozprofileq77b9p"
Can't find symbol 'eglSwapBuffersWithDamageEXT'.
Can't find symbol 'eglSetDamageRegionKHR'.
JavaScript error: resource://gre/modules/XULStore.jsm, line 66: Error: Can't find profile directory.
console.warn: SearchSettings: "get: No settings file exists, new profile?" (new Error("", "(unknown module)"))
1611685738837	Marionette	INFO	Listening on port 52228
1611685739125	Marionette	WARN	TLS certificate errors will be ignored for this session
console.error: Region.jsm: "Error fetching region" (new Erro1611685742345	mozrunner::runner	INFO	Running command: "C:\\Program Files\\Mozilla Firefox\\firefox.exe" "--marionette" "-foreground" "-no-remote" "-profile" "C:\\Users\\HUSSEI1611685804589	Marionette	INFO	Stopped listening on port 52228

###!!! [Child][RunMessage] Error: Channel closing: too late to send/recv, messages will be lost

ource://gre/modules/XULStore.jsm, line 66: Error: Can't find profile directory.
console.warn: SearchSettings: "get: No settings file exists, new profile?" (new Error("", "(unknown module)"))
1611685749694	Marionette	INFO	Listening on port 52276
1611685750200	Marionette	WARN	TLS certificate errors will be ignored for this session
console.error: Region.jsm: "Error fetching region" (new Error("TIMEOUT", "resource://gre/modules/Region.jsm", 726))
console.error: Region.jsm: "Failed to fetch region" (new Error("TIMEOUT", "resource://gre/modules/Region.jsm", 376))
1611685802951	Marionette	INFO	Stopped listening on port 52276

###!!! [Child][RunMessage] Error: Channel closing: too late to send/recv, messages will be lost

1612263313532	geckodriver	INFO	Listening on 127.0.0.1:58703
1612263316696	mozrunner::runner	INFO	Running command: "C:\\Program Files\\Mozilla Firefox\\firefox.exe" "--marionette" "-foreground" "-no-remote" "-profile" "C:\\Users\\HUSSEI~1\\AppData\\Local\\Temp\\rust_mozprofile7pa2D3"
Can't find symbol 'eglSwapBuffersWithDamageEXT'.
Can't find symbol 'eglSetDamageRegionKHR'.
JavaScript error: resource://gre/modules/XULStore.jsm, line 66: Error: Can't find profile directory.
console.warn: SearchSettings: "get: No settings file exists, new profile?" (new Error("", "(unknown module)"))
1612263332715	Marionette	INFO	Listening on port 58711
1612263333819	Marionette	WARN	TLS certificate errors will be ignored for this session
JavaScript error: https://jamal:Ad1212%40@alcaptainunlock.com/Chadid2020/templates/default2/js/bootstrap.bundle.min.js?v=RC5, line 6: TypeError: e is undefined
Can't find symbol 'eglSwapBuffersWithDamageEXT'.
Can't find symbol 'eglSetDamageRegionKHR'.
[Parent 13868, Gecko_IOThread] WARNING: file /builds/worker/checkouts/gecko/ipc/chromium/src/base/process_util_win.cc:166
1612263460187	Marionette	INFO	Stopped listening on port 58711

###!!! [Child][RunMessage] Error: Channel closing: too late to send/recv, messages will be lost

ew profile?" (new Error("", "(unknown module)"))
1612263345792	Marionette	INFO	Listening on port 58765
1612263346408	Marionette	WARN	TLS certificate errors will be ignored for this session
1612263460117	Marionette	INFO	Stopped listening on port 58765

###!!! [Child][RunMessage] Error: Channel closing: too late to send/recv, messages will be lost

1612266268869	geckodriver	INFO	Listening on 127.0.0.1:59260
1612266271925	mozrunner::runner	INFO	Running command: "C:\\Program Files\\Mozilla Firefox\\firefox.exe" "--marionette" "-foreground" "-no-remote" "-profile" "C:\\Users\\HUSSEI~1\\AppData\\Local\\Temp\\rust_mozprofileGRW2yS"
Can't find symbol 'eglSwapBuffersWithDamageEXT'.
Can't find symbol 'eglSetDamageRegionKHR'.
JavaScript error: resource://gre/modules/XULStore.jsm, line 66: Error: Can't find profile directory.
console.warn: SearchSettings: "get: No settings file exists, new profile?" (new Error("", "(unknown module)"))
1612266278854	Marionette	INFO	Listening on port 59268
1612266279264	Marionette	WARN	TLS certificate errors will be ignored for this session
JavaScript error: https://jamal:Ad1212%40@alcaptainunlock.com/Chadid2020/templates/default2/js/bootstrap.bundle.min.js?v=RC5, line 6: TypeError: e is undefined
JavaScript error: https://jamal:Ad1212%40@alcaptainunlock.com/Chadid2020/templates/default2/js/bootstrap.bundle.min.js?v=RC5, line 6: TypeError: e is undefined
JavaScript error: https://jamal:Ad1212%40@alcaptainunlock.com/Chadid2020/templates/default2/js/bootstrap.bundle.min.js?v=RC5, line 6: TypeError: e is undefined
JavaScript error: https://jamal:Ad1212%40@alcaptainunlock.com/Chadid2020/templates/default2/js/bootstrap.bundle.min.js?v=RC5, line 6: TypeError: e is undefined
JavaScript error: resource://activity-stream/lib/ASRouter.jsm, line 987: NS_ERROR_ILLEGAL_VALUE: Component returned failure code: 0x80070057 (NS_ERROR_ILLEGAL_VALUE) [nsIObserverService.removeObserver]
1612266367049	Marionette	INFO	Stopped listening on port 59268

###!!! [Child][RunMessage] Error: Channel closing: too late to send/recv, messages will be lost

hild][RunMessage] Error: Channel closing: too late to send/recv, messages will be lost

1612266528850	geckodriver	INFO	Listening on 127.0.0.1:59448
1612266531921	mozrunner::runner	INFO	Running command: "C:\\Program Files\\Mozilla Firefox\\firefox.exe" "--marionette" "-foreground" "-no-remote" "-profile" "C:\\Users\\HUSSEI~1\\AppData\\Local\\Temp\\rust_mozprofileUaGXoe"
Can't find symbol 'eglSwapBuffersWithDamageEXT'.
Can't find symbol 'eglSetDamageRegionKHR'.
JavaScript error: resource://gre/modules/XULStore.jsm, line 66: Error: Can't find profile directory.
console.warn: SearchSettings: "get: No settings file exists, new profile?" (new Error("", "(unknown module)"))
1612266540081	Marionette	INFO	Listening on port 59457
1612266540327	Marionette	WARN	TLS certificate errors will be ignored for this session
Can't find symbol 'eglSwapBuffersWithDamageEXT'.
Can't find symbol 'eglSetDamageRegionKHR'.
console.warn: LoginRecipes: "getRecipes: falling back to a synchronous message for:" "https://www.midasbuy.com"
JavaScript error: resource://gre/modules/XULStore.jsm, line 66: Error: Can't find profile directory.
JavaScript error: resource://gre/modules/XULStore.jsm, line 66: Error: Can't find profile directory.
JavaScript warning: resource://devtools/server/actors/inspector/event-collector.js, line 530: debuggee 'https://cdn.midasbuy.com/oversea_web/static/js/jquery.js?jslib=1:3' would run
JavaScript error: resource://devtools/client/framework/devtools.js, line 730: TypeError: inspector.inspectorFront is undefined
1612266646863	Marionette	INFO	Stopped listening on port 59457

###!!! [Child][RunMessage] Error: Channel closing: too late to send/recv, messages will be lost

1612266948986	geckodriver	INFO	Listening on 127.0.0.1:59849
1612266952141	mozrunner::runner	INFO	Running command: "C:\\Program Files\\Mozilla Firefox\\firefox.exe" "--marionette" "-foreground" "-no-remote" "-profile" "C:\\Users\\HUSSEI~1\\AppData\\Local\\Temp\\rust_mozprofilerfzfvx"
Can't find symbol 'eglSwapBuffersWithDamageEXT'.
Can't find symbol 'eglSetDamageRegionKHR'.
JavaScript error: resource://gre/modules/XULStore.jsm, line 66: Error: Can't find profile directory.
console.warn: SearchSettings: "get: No settings file exists, new profile?" (new Error("", "(unknown module)"))
1612266961684	Marionette	INFO	Listening on port 59859
1612266962309	Marionette	WARN	TLS certificate errors will be ignored for this session
Can't find symbol 'eglSwapBuffersWithDamageEXT'.
Can't find symbol 'eglSetDamageRegionKHR'.
1612267016818	Marionette	INFO	Stopped listening on port 59859

###!!! [Child][RunMessage] Error: Channel closing: too late to send/recv, messages will be lost

1612267029335	geckodriver	INFO	Listening on 127.0.0.1:60027
1612267032520	mozrunner::runner	INFO	Running command: "C:\\Program Files\\Mozilla Firefox\\firefox.exe" "--marionette" "-foreground" "-no-remote" "-profile" "C:\\Users\\HUSSEI~1\\AppData\\Local\\Temp\\rust_mozprofilebWidvW"
Can't find symbol 'eglSwapBuffersWithDamageEXT'.
Can't find symbol 'eglSetDamageRegionKHR'.
JavaScript error: resource://gre/modules/XULStore.jsm, line 66: Error: Can't find profile directory.
console.warn: SearchSettings: "get: No settings file exists, new profile?" (new Error("", "(unknown module)"))
1612267039185	Marionette	INFO	Listening on port 60037
1612267039558	Marionette	WARN	TLS certificate errors will be ignored for this session
Can't find symbol 'eglSwapBuffersWithDamageEXT'.
Can't find symbol 'eglSetDamageRegionKHR'.
console.error: (new Error("Can't select tool, wait for toolbox 'ready' event", "resource://devtools/client/framework/toolbox.js", 2613))
Error: Can't select tool, wait for toolbox 'ready' event: selectTool@resource://devtools/client/framework/toolbox.js:2613:13
_onPausedState@resource://devtools/client/framework/toolbox.js:663:12
_onTargetAvailable/<@resource://devtools/client/framework/toolbox.js:705:14
_emit@resource://devtools/shared/event-emitter.js:226:34
emit@resource://devtools/shared/event-emitter.js:172:18
emit@resource://devtools/shared/event-emitter.js:324:18
onPacket@resource://devtools/shared/protocol/Front.js:332:13
onPacket@resource://devtools/client/devtools-client.js:492:13
send/<@resource://devtools/shared/transport/local-transport.js:68:25
exports.makeInfallible/<@resource://devtools/shared/ThreadSafeDevToolsUtils.js:103:22
exports.makeInfallible/<@resource://devtools/shared/ThreadSafeDevToolsUtils.js:103:22

JavaScript error: resource://gre/modules/XULStore.jsm, line 66: Error: Can't find profile directory.
JavaScript error: resource://gre/modules/XULStore.jsm, line 66: Error: Can't find profile directory.
JavaScript warning: resource://devtools/server/actors/inspector/event-collector.js, line 530: debuggee 'https://cdn.midasbuy.com/oversea_web/static/js/jquery.js?jslib=1:3' would run
1612267112268	Marionette	INFO	Stopped listening on port 60037
1612267416218	geckodriver	INFO	Listening on 127.0.0.1:60564
1612267419355	mozrunner::runner	INFO	Running command: "C:\\Program Files\\Mozilla Firefox\\firefox.exe" "--marionette" "-foreground" "-no-remote" "-profile" "C:\\Users\\HUSSEI~1\\AppData\\Local\\Temp\\rust_mozprofile0Q2dtE"
Can't find symbol 'eglSwapBuffersWithDamageEXT'.
Can't find symbol 'eglSetDamageRegionKHR'.
JavaScript error: resource://gre/modules/XULStore.jsm, line 66: Error: Can't find profile directory.
console.warn: SearchSettings: "get: No settings file exists, new profile?" (new Error("", "(unknown module)"))
1612267429711	Marionette	INFO	Listening on port 60575
1612267429834	Marionette	WARN	TLS certificate errors will be ignored for this session
Can't find symbol 'eglSwapBuffersWithDamageEXT'.
Can't find symbol 'eglSetDamageRegionKHR'.
