1612454199208	geckodriver	INFO	Listening on 127.0.0.1:60023
1612454202381	mozrunner::runner	INFO	Running command: "C:\\Program Files\\Mozilla Firefox\\firefox.exe" "--marionette" "-foreground" "-no-remote" "-profile" "C:\\Users\\HUSSEI~1\\AppData\\Local\\Temp\\rust_mozprofileq4AKW8"
Can't find symbol 'eglSwapBuffersWithDamageEXT'.
Can't find symbol 'eglSetDamageRegionKHR'.
JavaScript error: resource://gre/modules/XULStore.jsm, line 66: Error: Can't find profile directory.
console.warn: SearchSettings: "get: No settings file exists, new profile?" (new Error("", "(unknown module)"))
1612454220351	Marionette	INFO	Listening on port 60033
1612454221392	Marionette	WARN	TLS certificate errors will be ignored for this session
Can't find symbol 'eglSwapBuffersWithDamageEXT'.
Can't find symbol 'eglSetDamageRegionKHR'.
console.error: (new Error("Can't select tool, wait for toolbox 'ready' event", "resource://devtools/client/framework/toolbox.js", 2613))
Error: Can't select tool, wait for toolbox 'ready' event: selectTool@resource://devtools/client/framework/toolbox.js:2613:13
_onPausedState@resource://devtools/client/framework/toolbox.js:663:12
_onTargetAvailable/<@resource://devtools/client/framework/toolbox.js:705:14
_emit@resource://devtools/shared/event-emitter.js:226:34
emit@resource://devtools/shared/event-emitter.js:172:18
emit@resource://devtools/shared/event-emitter.js:324:18
onPacket@resource://devtools/shared/protocol/Front.js:332:13
onPacket@resource://devtools/client/devtools-client.js:492:13
send/<@resource://devtools/shared/transport/local-transport.js:68:25
exports.makeInfallible/<@resource://devtools/shared/ThreadSafeDevToolsUtils.js:103:22
exports.makeInfallible/<@resource://devtools/shared/ThreadSafeDevToolsUtils.js:103:22

JavaScript error: resource://gre/modules/XULStore.jsm, line 66: Error: Can't find profile directory.
JavaScript error: resource://gre/modules/XULStore.jsm, line 66: Error: Can't find profile directory.
JavaScript warning: resource://devtools/server/actors/inspector/event-collector.js, line 530: debuggee 'https://cdn.midasbuy.com/oversea_web/static/js/jquery.js?jslib=1:3' would run
console.error: "Error writing response to: skipBreakpoints"
console.error: "Error while calling actor 'thread's method 'skipBreakpoints'" "Response can only be a `RetVal` instance or an object with one property being a `RetVal` instance."
console.error: "write@resource://devtools/shared/protocol/Response.js:51:15\nsendReturn@resource://devtools/shared/protocol/Actor.js:195:38\nenter@resource://devtools/server/actors/utils/event-loop.js:79:18\n_pushThreadPause@resource://devtools/server/actors/thread.js:310:15\n_pauseAndRespond@resource://devtools/server/actors/thread.js:923:12\nonDebuggerStatement@resource://devtools/server/actors/thread.js:1909:17\n@https://www.midasbuy.com/midasbuy/ot/buy/pubgm line 125 > eval:1:1\n_0x17f16e/<@https://www.midasbuy.com/midasbuy/ot/buy/pubgm:125:1969\n@https://www.midasbuy.com/midasbuy/ot/buy/pubgm:125:1\n"
console.error: "Error writing response to: skipBreakpoints"
console.error: "Error while calling actor 'thread's method 'skipBreakpoints'" "Response can only be a `RetVal` instance or an object with one property being a `RetVal` instance."
console.error: "write@resource://devtools/shared/protocol/Response.js:51:15\nsendReturn@resource://devtools/shared/protocol/Actor.js:195:38\nenter@resource://devtools/server/actors/utils/event-loop.js:79:18\n_pushThreadPause@resource://devtools/server/actors/thread.js:310:15\n_pauseAndRespond@resource://devtools/server/actors/thread.js:923:12\nonDebuggerStatement@resource://devtools/server/actors/thread.js:1909:17\n@https://www.midasbuy.com/midasbuy/ot/buy/pubgm line 125 > eval:1:1\n_0x17f16e/<@https://www.midasbuy.com/midasbuy/ot/buy/pubgm:125:1969\n@https://www.midasbuy.com/midasbuy/ot/buy/pubgm:125:1\n"
console.log: (new Error("Protocol error (Error): Response can only be a `RetVal` instance or an object with one property being a `RetVal` instance. from: server0.conn0.child3/thread22 (resource://devtools/shared/protocol/Response.js:51:15)", "resource://devtools/shared/protocol/Front.js", 361))
console.log: (new Error("Protocol error (Error): Response can only be a `RetVal` instance or an object with one property being a `RetVal` instance. from: server0.conn0.child3/thread22 (resource://devtools/shared/protocol/Response.js:51:15)", "resource://devtools/shared/protocol/Front.js", 361))
1612455220633	Marionette	INFO	Stopped listening on port 60033

###!!! [Child][RunMessage] Error: Channel closing: too late to send/recv, messages will be lost

